<?xml version="1.0" encoding="UTF-8"?>
<!-- Generated by org.testng.reporters.JUnitXMLReporter -->
<testsuite hostname="Ievgeniias-MBP.fios-router.home" ignored="0" name="Donations" tests="4" failures="0" timestamp="2020-04-14T16:31:11 EDT" time="32.965" errors="0">
  <testcase name="IATSACHRecurPaymenttypelogic" time="11.227" classname="com.fnoor.FundraisingTest.IATS"/>
  <testcase name="IATSACHRecurring" time="6.97" classname="com.fnoor.FundraisingTest.IATS"/>
  <testcase name="IATSRecurring" time="7.214" classname="com.fnoor.FundraisingTest.IATS"/>
  <testcase name="iatsSingle" time="7.415" classname="com.fnoor.FundraisingTest.IATS"/>
</testsuite> <!-- Donations -->
