<?xml version="1.0" encoding="UTF-8"?>
<testng-results skipped="0" failed="0" ignored="0" total="1" passed="1">
  <reporter-output>
  </reporter-output>
  <suite name="Regression" duration-ms="12081" started-at="2020-04-15T10:45:29 EDT" finished-at="2020-04-15T10:45:42 EDT">
    <groups>
      <group name="donations">
        <method signature="IATS.iatsSingle()[pri:0, instance:com.fnoor.FundraisingTest.IATS@69ee81fc]" name="iatsSingle" class="com.fnoor.FundraisingTest.IATS"/>
      </group> <!-- donations -->
    </groups>
    <test name="Donations" duration-ms="12081" started-at="2020-04-15T10:45:29 EDT" finished-at="2020-04-15T10:45:42 EDT">
      <class name="com.fnoor.FundraisingTest.IATS">
        <test-method status="PASS" signature="iatsSingle()[pri:0, instance:com.fnoor.FundraisingTest.IATS@69ee81fc]" name="iatsSingle" duration-ms="11944" started-at="2020-04-15T10:45:29 EDT" finished-at="2020-04-15T10:45:41 EDT">
          <reporter-output>
          </reporter-output>
        </test-method> <!-- iatsSingle -->
        <test-method status="PASS" signature="tearDown()[pri:0, instance:com.fnoor.FundraisingTest.IATS@69ee81fc]" name="tearDown" is-config="true" duration-ms="104" started-at="2020-04-15T10:45:41 EDT" finished-at="2020-04-15T10:45:42 EDT">
          <reporter-output>
          </reporter-output>
        </test-method> <!-- tearDown -->
      </class> <!-- com.fnoor.FundraisingTest.IATS -->
    </test> <!-- Donations -->
  </suite> <!-- Regression -->
</testng-results>
