<?xml version="1.0" encoding="UTF-8"?>
<testng-results skipped="0" failed="0" ignored="0" total="4" passed="4">
  <reporter-output>
  </reporter-output>
  <suite name="Regression" duration-ms="32318" started-at="2020-04-14T16:49:50 EDT" finished-at="2020-04-14T16:50:23 EDT">
    <groups>
      <group name="donations">
        <method signature="IATS.IATSACHRecurPaymenttypelogic()[pri:0, instance:com.fnoor.FundraisingTest.IATS@6e2aa843]" name="IATSACHRecurPaymenttypelogic" class="com.fnoor.FundraisingTest.IATS"/>
        <method signature="IATS.IATSACHRecurring()[pri:0, instance:com.fnoor.FundraisingTest.IATS@6e2aa843]" name="IATSACHRecurring" class="com.fnoor.FundraisingTest.IATS"/>
        <method signature="IATS.IATSRecurring()[pri:0, instance:com.fnoor.FundraisingTest.IATS@6e2aa843]" name="IATSRecurring" class="com.fnoor.FundraisingTest.IATS"/>
        <method signature="IATS.iatsSingle()[pri:0, instance:com.fnoor.FundraisingTest.IATS@6e2aa843]" name="iatsSingle" class="com.fnoor.FundraisingTest.IATS"/>
      </group> <!-- donations -->
    </groups>
    <test name="Donations" duration-ms="32318" started-at="2020-04-14T16:49:50 EDT" finished-at="2020-04-14T16:50:23 EDT">
      <class name="com.fnoor.FundraisingTest.IATS">
        <test-method status="PASS" signature="IATSACHRecurPaymenttypelogic()[pri:0, instance:com.fnoor.FundraisingTest.IATS@6e2aa843]" name="IATSACHRecurPaymenttypelogic" duration-ms="10772" started-at="2020-04-14T16:49:51 EDT" finished-at="2020-04-14T16:50:01 EDT">
          <reporter-output>
          </reporter-output>
        </test-method> <!-- IATSACHRecurPaymenttypelogic -->
        <test-method status="PASS" signature="takeSnapShot(org.testng.ITestResult)[pri:0, instance:com.fnoor.FundraisingTest.IATS@6e2aa843]" name="takeSnapShot" is-config="true" duration-ms="3" started-at="2020-04-14T16:50:01 EDT" finished-at="2020-04-14T16:50:01 EDT">
          <params>
            <param index="0">
              <value>
                <![CDATA[[TestResult name=IATSACHRecurPaymenttypelogic status=SUCCESS method=IATS.IATSACHRecurPaymenttypelogic()[pri:0, instance:com.fnoor.FundraisingTest.IATS@6e2aa843] output={null}]]]>
              </value>
            </param>
          </params>
          <reporter-output>
          </reporter-output>
        </test-method> <!-- takeSnapShot -->
        <test-method status="PASS" signature="IATSACHRecurring()[pri:0, instance:com.fnoor.FundraisingTest.IATS@6e2aa843]" name="IATSACHRecurring" duration-ms="6900" started-at="2020-04-14T16:50:01 EDT" finished-at="2020-04-14T16:50:08 EDT">
          <reporter-output>
          </reporter-output>
        </test-method> <!-- IATSACHRecurring -->
        <test-method status="PASS" signature="takeSnapShot(org.testng.ITestResult)[pri:0, instance:com.fnoor.FundraisingTest.IATS@6e2aa843]" name="takeSnapShot" is-config="true" duration-ms="1" started-at="2020-04-14T16:50:08 EDT" finished-at="2020-04-14T16:50:08 EDT">
          <params>
            <param index="0">
              <value>
                <![CDATA[[TestResult name=IATSACHRecurring status=SUCCESS method=IATS.IATSACHRecurring()[pri:0, instance:com.fnoor.FundraisingTest.IATS@6e2aa843] output={null}]]]>
              </value>
            </param>
          </params>
          <reporter-output>
          </reporter-output>
        </test-method> <!-- takeSnapShot -->
        <test-method status="PASS" signature="IATSRecurring()[pri:0, instance:com.fnoor.FundraisingTest.IATS@6e2aa843]" name="IATSRecurring" duration-ms="7112" started-at="2020-04-14T16:50:08 EDT" finished-at="2020-04-14T16:50:15 EDT">
          <reporter-output>
          </reporter-output>
        </test-method> <!-- IATSRecurring -->
        <test-method status="PASS" signature="takeSnapShot(org.testng.ITestResult)[pri:0, instance:com.fnoor.FundraisingTest.IATS@6e2aa843]" name="takeSnapShot" is-config="true" duration-ms="0" started-at="2020-04-14T16:50:15 EDT" finished-at="2020-04-14T16:50:15 EDT">
          <params>
            <param index="0">
              <value>
                <![CDATA[[TestResult name=IATSRecurring status=SUCCESS method=IATS.IATSRecurring()[pri:0, instance:com.fnoor.FundraisingTest.IATS@6e2aa843] output={null}]]]>
              </value>
            </param>
          </params>
          <reporter-output>
          </reporter-output>
        </test-method> <!-- takeSnapShot -->
        <test-method status="PASS" signature="iatsSingle()[pri:0, instance:com.fnoor.FundraisingTest.IATS@6e2aa843]" name="iatsSingle" duration-ms="7409" started-at="2020-04-14T16:50:15 EDT" finished-at="2020-04-14T16:50:23 EDT">
          <reporter-output>
          </reporter-output>
        </test-method> <!-- iatsSingle -->
        <test-method status="PASS" signature="takeSnapShot(org.testng.ITestResult)[pri:0, instance:com.fnoor.FundraisingTest.IATS@6e2aa843]" name="takeSnapShot" is-config="true" duration-ms="0" started-at="2020-04-14T16:50:23 EDT" finished-at="2020-04-14T16:50:23 EDT">
          <params>
            <param index="0">
              <value>
                <![CDATA[[TestResult name=iatsSingle status=SUCCESS method=IATS.iatsSingle()[pri:0, instance:com.fnoor.FundraisingTest.IATS@6e2aa843] output={null}]]]>
              </value>
            </param>
          </params>
          <reporter-output>
          </reporter-output>
        </test-method> <!-- takeSnapShot -->
        <test-method status="PASS" signature="tearDown()[pri:0, instance:com.fnoor.FundraisingTest.IATS@6e2aa843]" name="tearDown" is-config="true" duration-ms="86" started-at="2020-04-14T16:50:23 EDT" finished-at="2020-04-14T16:50:23 EDT">
          <reporter-output>
          </reporter-output>
        </test-method> <!-- tearDown -->
      </class> <!-- com.fnoor.FundraisingTest.IATS -->
    </test> <!-- Donations -->
  </suite> <!-- Regression -->
</testng-results>
