<?xml version="1.0" encoding="UTF-8"?>
<testng-results skipped="0" failed="0" ignored="0" total="4" passed="4">
  <reporter-output>
  </reporter-output>
  <suite name="Regression" duration-ms="33228" started-at="2020-04-14T15:57:46 EDT" finished-at="2020-04-14T15:58:19 EDT">
    <groups>
      <group name="donations">
        <method signature="IATS.IATSACHRecurPaymenttypelogic()[pri:0, instance:com.fnoor.FundraisingTest.IATS@69ee81fc]" name="IATSACHRecurPaymenttypelogic" class="com.fnoor.FundraisingTest.IATS"/>
        <method signature="IATS.IATSACHRecurring()[pri:0, instance:com.fnoor.FundraisingTest.IATS@69ee81fc]" name="IATSACHRecurring" class="com.fnoor.FundraisingTest.IATS"/>
        <method signature="IATS.IATSRecurring()[pri:0, instance:com.fnoor.FundraisingTest.IATS@69ee81fc]" name="IATSRecurring" class="com.fnoor.FundraisingTest.IATS"/>
        <method signature="IATS.iatsSingle()[pri:0, instance:com.fnoor.FundraisingTest.IATS@69ee81fc]" name="iatsSingle" class="com.fnoor.FundraisingTest.IATS"/>
      </group> <!-- donations -->
    </groups>
    <test name="Donations" duration-ms="33228" started-at="2020-04-14T15:57:46 EDT" finished-at="2020-04-14T15:58:19 EDT">
      <class name="com.fnoor.FundraisingTest.IATS">
        <test-method status="PASS" signature="IATSACHRecurPaymenttypelogic()[pri:0, instance:com.fnoor.FundraisingTest.IATS@69ee81fc]" name="IATSACHRecurPaymenttypelogic" duration-ms="11482" started-at="2020-04-14T15:57:46 EDT" finished-at="2020-04-14T15:57:58 EDT">
          <reporter-output>
          </reporter-output>
        </test-method> <!-- IATSACHRecurPaymenttypelogic -->
        <test-method status="PASS" signature="IATSACHRecurring()[pri:0, instance:com.fnoor.FundraisingTest.IATS@69ee81fc]" name="IATSACHRecurring" duration-ms="7098" started-at="2020-04-14T15:57:58 EDT" finished-at="2020-04-14T15:58:05 EDT">
          <reporter-output>
          </reporter-output>
        </test-method> <!-- IATSACHRecurring -->
        <test-method status="PASS" signature="IATSRecurring()[pri:0, instance:com.fnoor.FundraisingTest.IATS@69ee81fc]" name="IATSRecurring" duration-ms="6974" started-at="2020-04-14T15:58:05 EDT" finished-at="2020-04-14T15:58:12 EDT">
          <reporter-output>
          </reporter-output>
        </test-method> <!-- IATSRecurring -->
        <test-method status="PASS" signature="iatsSingle()[pri:0, instance:com.fnoor.FundraisingTest.IATS@69ee81fc]" name="iatsSingle" duration-ms="7538" started-at="2020-04-14T15:58:12 EDT" finished-at="2020-04-14T15:58:19 EDT">
          <reporter-output>
          </reporter-output>
        </test-method> <!-- iatsSingle -->
        <test-method status="PASS" signature="tearDown()[pri:0, instance:com.fnoor.FundraisingTest.IATS@69ee81fc]" name="tearDown" is-config="true" duration-ms="93" started-at="2020-04-14T15:58:19 EDT" finished-at="2020-04-14T15:58:19 EDT">
          <reporter-output>
          </reporter-output>
        </test-method> <!-- tearDown -->
      </class> <!-- com.fnoor.FundraisingTest.IATS -->
    </test> <!-- Donations -->
  </suite> <!-- Regression -->
</testng-results>
